<?xml version="1.0" encoding="utf-8"?>
<!DOCTYPE coverage SYSTEM "http://cobertura.sourceforge.net/xml/coverage-04.dtd">
<coverage line-rate="0.227708179808401" branch-rate="0.0374015748031496" lines-covered="618" lines-valid="2714" branches-covered="19" branches-valid="508" complexity="2619" version="0" timestamp="1744280918">
  <sources />
  <packages>
    <package name="LibrarySystem.Data" line-rate="1" branch-rate="1" complexity="31">
      <classes>
        <class name="LibrarySystem.Data.ApplicationDbContext" filename="D:\LibrarySystem-DiplomenProekt\LibrarySystem\LibrarySystem.Data\ApplicationDbContext.cs" line-rate="1" branch-rate="1" complexity="22">
          <methods>
            <method name=".ctor" signature="(...)" line-rate="1" branch-rate="1" complexity="1">
              <lines>
                <line number="11" hits="1" branch="false" />
              </lines>
            </method>
            <method name="get_Authors" signature="()" line-rate="1" branch-rate="1" complexity="1">
              <lines>
                <line number="12" hits="1" branch="false" />
              </lines>
            </method>
            <method name="set_Authors" signature="(...)" line-rate="1" branch-rate="1" complexity="1">
              <lines>
                <line number="12" hits="1" branch="false" />
              </lines>
            </method>
            <method name="get_Images" signature="()" line-rate="1" branch-rate="1" complexity="1">
              <lines>
                <line number="14" hits="1" branch="false" />
              </lines>
            </method>
            <method name="set_Images" signature="(...)" line-rate="1" branch-rate="1" complexity="1">
              <lines>
                <line number="14" hits="1" branch="false" />
              </lines>
            </method>
            <method name="get_LibraryUnits" signature="()" line-rate="1" branch-rate="1" complexity="1">
              <lines>
                <line number="16" hits="1" branch="false" />
              </lines>
            </method>
            <method name="set_LibraryUnits" signature="(...)" line-rate="1" branch-rate="1" complexity="1">
              <lines>
                <line number="16" hits="1" branch="false" />
              </lines>
            </method>
            <method name="get_MovementsOfLibraryUnits" signature="()" line-rate="1" branch-rate="1" complexity="1">
              <lines>
                <line number="18" hits="1" branch="false" />
              </lines>
            </method>
            <method name="set_MovementsOfLibraryUnits" signature="(...)" line-rate="1" branch-rate="1" complexity="1">
              <lines>
                <line number="18" hits="1" branch="false" />
              </lines>
            </method>
            <method name="get_ScrappedUnits" signature="()" line-rate="1" branch-rate="1" complexity="1">
              <lines>
                <line number="20" hits="1" branch="false" />
              </lines>
            </method>
            <method name="set_ScrappedUnits" signature="(...)" line-rate="1" branch-rate="1" complexity="1">
              <lines>
                <line number="20" hits="1" branch="false" />
              </lines>
            </method>
            <method name="get_Sections" signature="()" line-rate="1" branch-rate="1" complexity="1">
              <lines>
                <line number="22" hits="1" branch="false" />
              </lines>
            </method>
            <method name="set_Sections" signature="(...)" line-rate="1" branch-rate="1" complexity="1">
              <lines>
                <line number="22" hits="1" branch="false" />
              </lines>
            </method>
            <method name="get_Titles" signature="()" line-rate="1" branch-rate="1" complexity="1">
              <lines>
                <line number="24" hits="1" branch="false" />
              </lines>
            </method>
            <method name="set_Titles" signature="(...)" line-rate="1" branch-rate="1" complexity="1">
              <lines>
                <line number="24" hits="1" branch="false" />
              </lines>
            </method>
            <method name="get_TitlesAuthors" signature="()" line-rate="1" branch-rate="1" complexity="1">
              <lines>
                <line number="26" hits="1" branch="false" />
              </lines>
            </method>
            <method name="set_TitlesAuthors" signature="(...)" line-rate="1" branch-rate="1" complexity="1">
              <lines>
                <line number="26" hits="1" branch="false" />
              </lines>
            </method>
            <method name="get_Users" signature="()" line-rate="1" branch-rate="1" complexity="1">
              <lines>
                <line number="27" hits="1" branch="false" />
              </lines>
            </method>
            <method name="set_Users" signature="(...)" line-rate="1" branch-rate="1" complexity="1">
              <lines>
                <line number="27" hits="1" branch="false" />
              </lines>
            </method>
            <method name="OnConfiguring" signature="(...)" line-rate="1" branch-rate="1" complexity="1">
              <lines>
                <line number="30" hits="1" branch="false" />
                <line number="31" hits="1" branch="false" />
                <line number="32" hits="1" branch="false" />
              </lines>
            </method>
            <method name="ConfigureConventions" signature="(...)" line-rate="1" branch-rate="1" complexity="1">
              <lines>
                <line number="34" hits="1" branch="false" />
                <line number="35" hits="1" branch="false" />
                <line number="36" hits="1" branch="false" />
                <line number="37" hits="1" branch="false" />
              </lines>
            </method>
            <method name="OnModelCreating" signature="(...)" line-rate="1" branch-rate="1" complexity="1">
              <lines>
                <line number="40" hits="1" branch="false" />
                <line number="41" hits="1" branch="false" />
                <line number="43" hits="1" branch="false" />
                <line number="45" hits="1" branch="false" />
                <line number="46" hits="1" branch="false" />
                <line number="48" hits="1" branch="false" />
                <line number="49" hits="1" branch="false" />
                <line number="50" hits="1" branch="false" />
                <line number="51" hits="1" branch="false" />
                <line number="52" hits="1" branch="false" />
                <line number="54" hits="1" branch="false" />
                <line number="55" hits="1" branch="false" />
                <line number="56" hits="1" branch="false" />
                <line number="57" hits="1" branch="false" />
                <line number="58" hits="1" branch="false" />
                <line number="60" hits="1" branch="false" />
                <line number="61" hits="1" branch="false" />
                <line number="62" hits="1" branch="false" />
                <line number="63" hits="1" branch="false" />
                <line number="64" hits="1" branch="false" />
                <line number="66" hits="1" branch="false" />
                <line number="67" hits="1" branch="false" />
                <line number="68" hits="1" branch="false" />
                <line number="69" hits="1" branch="false" />
                <line number="70" hits="1" branch="false" />
                <line number="71" hits="1" branch="false" />
                <line number="72" hits="1" branch="false" />
                <line number="73" hits="1" branch="false" />
                <line number="74" hits="1" branch="false" />
                <line number="75" hits="1" branch="false" />
              </lines>
            </method>
          </methods>
          <lines>
            <line number="11" hits="1" branch="false" />
            <line number="12" hits="1" branch="false" />
            <line number="14" hits="1" branch="false" />
            <line number="16" hits="1" branch="false" />
            <line number="18" hits="1" branch="false" />
            <line number="20" hits="1" branch="false" />
            <line number="22" hits="1" branch="false" />
            <line number="24" hits="1" branch="false" />
            <line number="26" hits="1" branch="false" />
            <line number="27" hits="1" branch="false" />
            <line number="30" hits="1" branch="false" />
            <line number="31" hits="1" branch="false" />
            <line number="32" hits="1" branch="false" />
            <line number="34" hits="1" branch="false" />
            <line number="35" hits="1" branch="false" />
            <line number="36" hits="1" branch="false" />
            <line number="37" hits="1" branch="false" />
            <line number="40" hits="1" branch="false" />
            <line number="41" hits="1" branch="false" />
            <line number="43" hits="1" branch="false" />
            <line number="45" hits="1" branch="false" />
            <line number="46" hits="1" branch="false" />
            <line number="48" hits="1" branch="false" />
            <line number="49" hits="1" branch="false" />
            <line number="50" hits="1" branch="false" />
            <line number="51" hits="1" branch="false" />
            <line number="52" hits="1" branch="false" />
            <line number="54" hits="1" branch="false" />
            <line number="55" hits="1" branch="false" />
            <line number="56" hits="1" branch="false" />
            <line number="57" hits="1" branch="false" />
            <line number="58" hits="1" branch="false" />
            <line number="60" hits="1" branch="false" />
            <line number="61" hits="1" branch="false" />
            <line number="62" hits="1" branch="false" />
            <line number="63" hits="1" branch="false" />
            <line number="64" hits="1" branch="false" />
            <line number="66" hits="1" branch="false" />
            <line number="67" hits="1" branch="false" />
            <line number="68" hits="1" branch="false" />
            <line number="69" hits="1" branch="false" />
            <line number="70" hits="1" branch="false" />
            <line number="71" hits="1" branch="false" />
            <line number="72" hits="1" branch="false" />
            <line number="73" hits="1" branch="false" />
            <line number="74" hits="1" branch="false" />
            <line number="75" hits="1" branch="false" />
          </lines>
        </class>
        <class name="LibrarySystem.Data.Repository.Repository.&lt;AddAsync&gt;d__5&lt;T&gt;" filename="D:\LibrarySystem-DiplomenProekt\LibrarySystem\LibrarySystem.Data\Repository\Repository.cs" line-rate="1" branch-rate="1" complexity="1">
          <methods>
            <method name="MoveNext" signature="()" line-rate="1" branch-rate="1" complexity="1">
              <lines>
                <line number="32" hits="1" branch="false" />
                <line number="33" hits="1" branch="false" />
                <line number="34" hits="1" branch="false" />
                <line number="35" hits="1" branch="false" />
              </lines>
            </method>
          </methods>
          <lines>
            <line number="32" hits="1" branch="false" />
            <line number="33" hits="1" branch="false" />
            <line number="34" hits="1" branch="false" />
            <line number="35" hits="1" branch="false" />
          </lines>
        </class>
        <class name="LibrarySystem.Data.Repository.Repository.&lt;DeleteAsync&gt;d__7&lt;T&gt;" filename="D:\LibrarySystem-DiplomenProekt\LibrarySystem\LibrarySystem.Data\Repository\Repository.cs" line-rate="1" branch-rate="1" complexity="1">
          <methods>
            <method name="MoveNext" signature="()" line-rate="1" branch-rate="1" complexity="1">
              <lines>
                <line number="43" hits="1" branch="false" />
                <line number="44" hits="1" branch="false" />
                <line number="45" hits="1" branch="false" />
                <line number="46" hits="1" branch="false" />
              </lines>
            </method>
          </methods>
          <lines>
            <line number="43" hits="1" branch="false" />
            <line number="44" hits="1" branch="false" />
            <line number="45" hits="1" branch="false" />
            <line number="46" hits="1" branch="false" />
          </lines>
        </class>
        <class name="LibrarySystem.Data.Repository.Repository.&lt;DeleteWhere&gt;d__9&lt;T&gt;" filename="D:\LibrarySystem-DiplomenProekt\LibrarySystem\LibrarySystem.Data\Repository\Repository.cs" line-rate="1" branch-rate="1" complexity="1">
          <methods>
            <method name="MoveNext" signature="()" line-rate="1" branch-rate="1" complexity="1">
              <lines>
                <line number="54" hits="1" branch="false" />
                <line number="55" hits="1" branch="false" />
                <line number="56" hits="1" branch="false" />
                <line number="57" hits="1" branch="false" />
              </lines>
            </method>
          </methods>
          <lines>
            <line number="54" hits="1" branch="false" />
            <line number="55" hits="1" branch="false" />
            <line number="56" hits="1" branch="false" />
            <line number="57" hits="1" branch="false" />
          </lines>
        </class>
        <class name="LibrarySystem.Data.Repository.Repository.&lt;GetAllAsync&gt;d__3&lt;T&gt;" filename="D:\LibrarySystem-DiplomenProekt\LibrarySystem\LibrarySystem.Data\Repository\Repository.cs" line-rate="1" branch-rate="1" complexity="1">
          <methods>
            <method name="MoveNext" signature="()" line-rate="1" branch-rate="1" complexity="1">
              <lines>
                <line number="22" hits="1" branch="false" />
                <line number="23" hits="1" branch="false" />
                <line number="24" hits="1" branch="false" />
              </lines>
            </method>
          </methods>
          <lines>
            <line number="22" hits="1" branch="false" />
            <line number="23" hits="1" branch="false" />
            <line number="24" hits="1" branch="false" />
          </lines>
        </class>
        <class name="LibrarySystem.Data.Repository.Repository.&lt;GetByIdAsync&gt;d__4&lt;T&gt;" filename="D:\LibrarySystem-DiplomenProekt\LibrarySystem\LibrarySystem.Data\Repository\Repository.cs" line-rate="1" branch-rate="1" complexity="1">
          <methods>
            <method name="MoveNext" signature="()" line-rate="1" branch-rate="1" complexity="1">
              <lines>
                <line number="27" hits="1" branch="false" />
                <line number="28" hits="1" branch="false" />
                <line number="29" hits="1" branch="false" />
              </lines>
            </method>
          </methods>
          <lines>
            <line number="27" hits="1" branch="false" />
            <line number="28" hits="1" branch="false" />
            <line number="29" hits="1" branch="false" />
          </lines>
        </class>
        <class name="LibrarySystem.Data.Repository.Repository.&lt;UpdateAsync&gt;d__6&lt;T&gt;" filename="D:\LibrarySystem-DiplomenProekt\LibrarySystem\LibrarySystem.Data\Repository\Repository.cs" line-rate="1" branch-rate="1" complexity="1">
          <methods>
            <method name="MoveNext" signature="()" line-rate="1" branch-rate="1" complexity="1">
              <lines>
                <line number="38" hits="1" branch="false" />
                <line number="39" hits="1" branch="false" />
                <line number="40" hits="1" branch="false" />
                <line number="41" hits="1" branch="false" />
              </lines>
            </method>
          </methods>
          <lines>
            <line number="38" hits="1" branch="false" />
            <line number="39" hits="1" branch="false" />
            <line number="40" hits="1" branch="false" />
            <line number="41" hits="1" branch="false" />
          </lines>
        </class>
        <class name="LibrarySystem.Data.Repository.Repository&lt;T&gt;" filename="D:\LibrarySystem-DiplomenProekt\LibrarySystem\LibrarySystem.Data\Repository\Repository.cs" line-rate="1" branch-rate="1" complexity="3">
          <methods>
            <method name=".ctor" signature="(...)" line-rate="1" branch-rate="1" complexity="1">
              <lines>
                <line number="16" hits="1" branch="false" />
                <line number="17" hits="1" branch="false" />
                <line number="18" hits="1" branch="false" />
                <line number="19" hits="1" branch="false" />
                <line number="20" hits="1" branch="false" />
              </lines>
            </method>
            <method name="GetAll" signature="()" line-rate="1" branch-rate="1" complexity="1">
              <lines>
                <line number="49" hits="1" branch="false" />
                <line number="50" hits="1" branch="false" />
                <line number="51" hits="1" branch="false" />
              </lines>
            </method>
            <method name="GetWhere" signature="(...)" line-rate="1" branch-rate="1" complexity="1">
              <lines>
                <line number="60" hits="1" branch="false" />
                <line number="61" hits="1" branch="false" />
                <line number="62" hits="1" branch="false" />
              </lines>
            </method>
          </methods>
          <lines>
            <line number="16" hits="1" branch="false" />
            <line number="17" hits="1" branch="false" />
            <line number="18" hits="1" branch="false" />
            <line number="19" hits="1" branch="false" />
            <line number="20" hits="1" branch="false" />
            <line number="49" hits="1" branch="false" />
            <line number="50" hits="1" branch="false" />
            <line number="51" hits="1" branch="false" />
            <line number="60" hits="1" branch="false" />
            <line number="61" hits="1" branch="false" />
            <line number="62" hits="1" branch="false" />
          </lines>
        </class>
      </classes>
    </package>
    <package name="LibrarySystem.Models" line-rate="0.5" branch-rate="1" complexity="112">
      <classes>
        <class name="LibrarySystem.Models.Author" filename="D:\LibrarySystem-DiplomenProekt\LibrarySystem\LibrarySystem.Models\Author.cs" line-rate="0.666666666666667" branch-rate="1" complexity="6">
          <methods>
            <method name="get_Id" signature="()" line-rate="1" branch-rate="1" complexity="1">
              <lines>
                <line number="10" hits="1" branch="false" />
              </lines>
            </method>
            <method name="set_Id" signature="(...)" line-rate="1" branch-rate="1" complexity="1">
              <lines>
                <line number="10" hits="1" branch="false" />
              </lines>
            </method>
            <method name="get_FullName" signature="()" line-rate="1" branch-rate="1" complexity="1">
              <lines>
                <line number="13" hits="1" branch="false" />
              </lines>
            </method>
            <method name="set_FullName" signature="(...)" line-rate="1" branch-rate="1" complexity="1">
              <lines>
                <line number="13" hits="1" branch="false" />
              </lines>
            </method>
            <method name="get_AuthorTitles" signature="()" line-rate="0" branch-rate="1" complexity="1">
              <lines>
                <line number="15" hits="0" branch="false" />
              </lines>
            </method>
            <method name="set_AuthorTitles" signature="(...)" line-rate="0" branch-rate="1" complexity="1">
              <lines>
                <line number="15" hits="0" branch="false" />
              </lines>
            </method>
          </methods>
          <lines>
            <line number="10" hits="1" branch="false" />
            <line number="13" hits="1" branch="false" />
            <line number="15" hits="0" branch="false" />
          </lines>
        </class>
        <class name="LibrarySystem.Models.Image" filename="D:\LibrarySystem-DiplomenProekt\LibrarySystem\LibrarySystem.Models\Image.cs" line-rate="1" branch-rate="1" complexity="4">
          <methods>
            <method name="get_Id" signature="()" line-rate="1" branch-rate="1" complexity="1">
              <lines>
                <line number="10" hits="1" branch="false" />
              </lines>
            </method>
            <method name="set_Id" signature="(...)" line-rate="1" branch-rate="1" complexity="1">
              <lines>
                <line number="10" hits="1" branch="false" />
              </lines>
            </method>
            <method name="get_DestinationLink" signature="()" line-rate="1" branch-rate="1" complexity="1">
              <lines>
                <line number="13" hits="1" branch="false" />
              </lines>
            </method>
            <method name="set_DestinationLink" signature="(...)" line-rate="1" branch-rate="1" complexity="1">
              <lines>
                <line number="13" hits="1" branch="false" />
              </lines>
            </method>
          </methods>
          <lines>
            <line number="10" hits="1" branch="false" />
            <line number="13" hits="1" branch="false" />
          </lines>
        </class>
        <class name="LibrarySystem.Models.LibraryUnit" filename="D:\LibrarySystem-DiplomenProekt\LibrarySystem\LibrarySystem.Models\LibraryUnit.cs" line-rate="0.8125" branch-rate="1" complexity="32">
          <methods>
            <method name="get_Id" signature="()" line-rate="1" branch-rate="1" complexity="1">
              <lines>
                <line number="11" hits="1" branch="false" />
              </lines>
            </method>
            <method name="set_Id" signature="(...)" line-rate="1" branch-rate="1" complexity="1">
              <lines>
                <line number="11" hits="1" branch="false" />
              </lines>
            </method>
            <method name="get_InventoryNumber" signature="()" line-rate="1" branch-rate="1" complexity="1">
              <lines>
                <line number="14" hits="1" branch="false" />
              </lines>
            </method>
            <method name="set_InventoryNumber" signature="(...)" line-rate="1" branch-rate="1" complexity="1">
              <lines>
                <line number="14" hits="1" branch="false" />
              </lines>
            </method>
            <method name="get_Condition" signature="()" line-rate="1" branch-rate="1" complexity="1">
              <lines>
                <line number="17" hits="1" branch="false" />
              </lines>
            </method>
            <method name="set_Condition" signature="(...)" line-rate="1" branch-rate="1" complexity="1">
              <lines>
                <line number="17" hits="1" branch="false" />
              </lines>
            </method>
            <method name="get_Medium" signature="()" line-rate="1" branch-rate="1" complexity="1">
              <lines>
                <line number="20" hits="1" branch="false" />
              </lines>
            </method>
            <method name="set_Medium" signature="(...)" line-rate="1" branch-rate="1" complexity="1">
              <lines>
                <line number="20" hits="1" branch="false" />
              </lines>
            </method>
            <method name="get_IsScrapped" signature="()" line-rate="1" branch-rate="1" complexity="1">
              <lines>
                <line number="23" hits="1" branch="false" />
              </lines>
            </method>
            <method name="set_IsScrapped" signature="(...)" line-rate="1" branch-rate="1" complexity="1">
              <lines>
                <line number="23" hits="1" branch="false" />
              </lines>
            </method>
            <method name="get_TitleId" signature="()" line-rate="1" branch-rate="1" complexity="1">
              <lines>
                <line number="26" hits="1" branch="false" />
              </lines>
            </method>
            <method name="set_TitleId" signature="(...)" line-rate="1" branch-rate="1" complexity="1">
              <lines>
                <line number="26" hits="1" branch="false" />
              </lines>
            </method>
            <method name="get_Title" signature="()" line-rate="1" branch-rate="1" complexity="1">
              <lines>
                <line number="27" hits="1" branch="false" />
              </lines>
            </method>
            <method name="set_Title" signature="(...)" line-rate="1" branch-rate="1" complexity="1">
              <lines>
                <line number="27" hits="1" branch="false" />
              </lines>
            </method>
            <method name="get_Isbn" signature="()" line-rate="1" branch-rate="1" complexity="1">
              <lines>
                <line number="31" hits="1" branch="false" />
              </lines>
            </method>
            <method name="set_Isbn" signature="(...)" line-rate="1" branch-rate="1" complexity="1">
              <lines>
                <line number="31" hits="1" branch="false" />
              </lines>
            </method>
            <method name="get_TypeLibraryUnit" signature="()" line-rate="1" branch-rate="1" complexity="1">
              <lines>
                <line number="34" hits="1" branch="false" />
              </lines>
            </method>
            <method name="set_TypeLibraryUnit" signature="(...)" line-rate="1" branch-rate="1" complexity="1">
              <lines>
                <line number="34" hits="1" branch="false" />
              </lines>
            </method>
            <method name="get_Year" signature="()" line-rate="1" branch-rate="1" complexity="1">
              <lines>
                <line number="37" hits="1" branch="false" />
              </lines>
            </method>
            <method name="set_Year" signature="(...)" line-rate="1" branch-rate="1" complexity="1">
              <lines>
                <line number="37" hits="1" branch="false" />
              </lines>
            </method>
            <method name="get_PublishingHouse" signature="()" line-rate="1" branch-rate="1" complexity="1">
              <lines>
                <line number="40" hits="1" branch="false" />
              </lines>
            </method>
            <method name="set_PublishingHouse" signature="(...)" line-rate="1" branch-rate="1" complexity="1">
              <lines>
                <line number="40" hits="1" branch="false" />
              </lines>
            </method>
            <method name="get_ImageId" signature="()" line-rate="1" branch-rate="1" complexity="1">
              <lines>
                <line number="43" hits="1" branch="false" />
              </lines>
            </method>
            <method name="set_ImageId" signature="(...)" line-rate="1" branch-rate="1" complexity="1">
              <lines>
                <line number="43" hits="1" branch="false" />
              </lines>
            </method>
            <method name="get_Image" signature="()" line-rate="1" branch-rate="1" complexity="1">
              <lines>
                <line number="44" hits="1" branch="false" />
              </lines>
            </method>
            <method name="set_Image" signature="(...)" line-rate="1" branch-rate="1" complexity="1">
              <lines>
                <line number="44" hits="1" branch="false" />
              </lines>
            </method>
            <method name="get_IsAvailable" signature="()" line-rate="0" branch-rate="1" complexity="1">
              <lines>
                <line number="46" hits="0" branch="false" />
              </lines>
            </method>
            <method name="set_IsAvailable" signature="(...)" line-rate="0" branch-rate="1" complexity="1">
              <lines>
                <line number="46" hits="0" branch="false" />
              </lines>
            </method>
            <method name="get_IsSavedByUser" signature="()" line-rate="0" branch-rate="1" complexity="1">
              <lines>
                <line number="48" hits="0" branch="false" />
              </lines>
            </method>
            <method name="set_IsSavedByUser" signature="(...)" line-rate="0" branch-rate="1" complexity="1">
              <lines>
                <line number="48" hits="0" branch="false" />
              </lines>
            </method>
            <method name="get_SavedByReaderId" signature="()" line-rate="0" branch-rate="1" complexity="1">
              <lines>
                <line number="51" hits="0" branch="false" />
              </lines>
            </method>
            <method name="set_SavedByReaderId" signature="(...)" line-rate="0" branch-rate="1" complexity="1">
              <lines>
                <line number="51" hits="0" branch="false" />
              </lines>
            </method>
          </methods>
          <lines>
            <line number="11" hits="1" branch="false" />
            <line number="14" hits="1" branch="false" />
            <line number="17" hits="1" branch="false" />
            <line number="20" hits="1" branch="false" />
            <line number="23" hits="1" branch="false" />
            <line number="26" hits="1" branch="false" />
            <line number="27" hits="1" branch="false" />
            <line number="31" hits="1" branch="false" />
            <line number="34" hits="1" branch="false" />
            <line number="37" hits="1" branch="false" />
            <line number="40" hits="1" branch="false" />
            <line number="43" hits="1" branch="false" />
            <line number="44" hits="1" branch="false" />
            <line number="46" hits="0" branch="false" />
            <line number="48" hits="0" branch="false" />
            <line number="51" hits="0" branch="false" />
          </lines>
        </class>
        <class name="LibrarySystem.Models.ScrappedUnit" filename="D:\LibrarySystem-DiplomenProekt\LibrarySystem\LibrarySystem.Models\ScrappedUnit.cs" line-rate="0" branch-rate="1" complexity="8">
          <methods>
            <method name="get_Id" signature="()" line-rate="0" branch-rate="1" complexity="1">
              <lines>
                <line number="11" hits="0" branch="false" />
              </lines>
            </method>
            <method name="set_Id" signature="(...)" line-rate="0" branch-rate="1" complexity="1">
              <lines>
                <line number="11" hits="0" branch="false" />
              </lines>
            </method>
            <method name="get_LibraryUnitId" signature="()" line-rate="0" branch-rate="1" complexity="1">
              <lines>
                <line number="14" hits="0" branch="false" />
              </lines>
            </method>
            <method name="set_LibraryUnitId" signature="(...)" line-rate="0" branch-rate="1" complexity="1">
              <lines>
                <line number="14" hits="0" branch="false" />
              </lines>
            </method>
            <method name="get_LibraryUnit" signature="()" line-rate="0" branch-rate="1" complexity="1">
              <lines>
                <line number="16" hits="0" branch="false" />
              </lines>
            </method>
            <method name="set_LibraryUnit" signature="(...)" line-rate="0" branch-rate="1" complexity="1">
              <lines>
                <line number="16" hits="0" branch="false" />
              </lines>
            </method>
            <method name="get_DateTimeOfScrapping" signature="()" line-rate="0" branch-rate="1" complexity="1">
              <lines>
                <line number="19" hits="0" branch="false" />
              </lines>
            </method>
            <method name="set_DateTimeOfScrapping" signature="(...)" line-rate="0" branch-rate="1" complexity="1">
              <lines>
                <line number="19" hits="0" branch="false" />
              </lines>
            </method>
          </methods>
          <lines>
            <line number="11" hits="0" branch="false" />
            <line number="14" hits="0" branch="false" />
            <line number="16" hits="0" branch="false" />
            <line number="19" hits="0" branch="false" />
          </lines>
        </class>
        <class name="LibrarySystem.Models.Section" filename="D:\LibrarySystem-DiplomenProekt\LibrarySystem\LibrarySystem.Models\Section.cs" line-rate="1" branch-rate="1" complexity="6">
          <methods>
            <method name="get_Id" signature="()" line-rate="1" branch-rate="1" complexity="1">
              <lines>
                <line number="11" hits="1" branch="false" />
              </lines>
            </method>
            <method name="set_Id" signature="(...)" line-rate="1" branch-rate="1" complexity="1">
              <lines>
                <line number="11" hits="1" branch="false" />
              </lines>
            </method>
            <method name="get_Name" signature="()" line-rate="1" branch-rate="1" complexity="1">
              <lines>
                <line number="14" hits="1" branch="false" />
              </lines>
            </method>
            <method name="set_Name" signature="(...)" line-rate="1" branch-rate="1" complexity="1">
              <lines>
                <line number="14" hits="1" branch="false" />
              </lines>
            </method>
            <method name="get_Description" signature="()" line-rate="1" branch-rate="1" complexity="1">
              <lines>
                <line number="17" hits="1" branch="false" />
              </lines>
            </method>
            <method name="set_Description" signature="(...)" line-rate="1" branch-rate="1" complexity="1">
              <lines>
                <line number="17" hits="1" branch="false" />
              </lines>
            </method>
          </methods>
          <lines>
            <line number="11" hits="1" branch="false" />
            <line number="14" hits="1" branch="false" />
            <line number="17" hits="1" branch="false" />
          </lines>
        </class>
        <class name="LibrarySystem.Models.Title" filename="D:\LibrarySystem-DiplomenProekt\LibrarySystem\LibrarySystem.Models\Title.cs" line-rate="0.666666666666667" branch-rate="1" complexity="12">
          <methods>
            <method name="get_Id" signature="()" line-rate="1" branch-rate="1" complexity="1">
              <lines>
                <line number="13" hits="1" branch="false" />
              </lines>
            </method>
            <method name="set_Id" signature="(...)" line-rate="1" branch-rate="1" complexity="1">
              <lines>
                <line number="13" hits="1" branch="false" />
              </lines>
            </method>
            <method name="get_Name" signature="()" line-rate="1" branch-rate="1" complexity="1">
              <lines>
                <line number="16" hits="1" branch="false" />
              </lines>
            </method>
            <method name="set_Name" signature="(...)" line-rate="1" branch-rate="1" complexity="1">
              <lines>
                <line number="16" hits="1" branch="false" />
              </lines>
            </method>
            <method name="get_Description" signature="()" line-rate="1" branch-rate="1" complexity="1">
              <lines>
                <line number="19" hits="1" branch="false" />
              </lines>
            </method>
            <method name="set_Description" signature="(...)" line-rate="1" branch-rate="1" complexity="1">
              <lines>
                <line number="19" hits="1" branch="false" />
              </lines>
            </method>
            <method name="get_SectionId" signature="()" line-rate="0" branch-rate="1" complexity="1">
              <lines>
                <line number="23" hits="0" branch="false" />
              </lines>
            </method>
            <method name="set_SectionId" signature="(...)" line-rate="0" branch-rate="1" complexity="1">
              <lines>
                <line number="23" hits="0" branch="false" />
              </lines>
            </method>
            <method name="get_Section" signature="()" line-rate="1" branch-rate="1" complexity="1">
              <lines>
                <line number="24" hits="1" branch="false" />
              </lines>
            </method>
            <method name="set_Section" signature="(...)" line-rate="1" branch-rate="1" complexity="1">
              <lines>
                <line number="24" hits="1" branch="false" />
              </lines>
            </method>
            <method name="get_TitleAuthors" signature="()" line-rate="0" branch-rate="1" complexity="1">
              <lines>
                <line number="26" hits="0" branch="false" />
              </lines>
            </method>
            <method name="set_TitleAuthors" signature="(...)" line-rate="0" branch-rate="1" complexity="1">
              <lines>
                <line number="26" hits="0" branch="false" />
              </lines>
            </method>
          </methods>
          <lines>
            <line number="13" hits="1" branch="false" />
            <line number="16" hits="1" branch="false" />
            <line number="19" hits="1" branch="false" />
            <line number="23" hits="0" branch="false" />
            <line number="24" hits="1" branch="false" />
            <line number="26" hits="0" branch="false" />
          </lines>
        </class>
        <class name="LibrarySystem.Models.TitleAuthor" filename="D:\LibrarySystem-DiplomenProekt\LibrarySystem\LibrarySystem.Models\TitleAuthor.cs" line-rate="1" branch-rate="1" complexity="8">
          <methods>
            <method name="get_Title" signature="()" line-rate="1" branch-rate="1" complexity="1">
              <lines>
                <line number="7" hits="1" branch="false" />
              </lines>
            </method>
            <method name="set_Title" signature="(...)" line-rate="1" branch-rate="1" complexity="1">
              <lines>
                <line number="7" hits="1" branch="false" />
              </lines>
            </method>
            <method name="get_Author" signature="()" line-rate="1" branch-rate="1" complexity="1">
              <lines>
                <line number="9" hits="1" branch="false" />
              </lines>
            </method>
            <method name="set_Author" signature="(...)" line-rate="1" branch-rate="1" complexity="1">
              <lines>
                <line number="9" hits="1" branch="false" />
              </lines>
            </method>
            <method name="get_TitleId" signature="()" line-rate="1" branch-rate="1" complexity="1">
              <lines>
                <line number="12" hits="1" branch="false" />
              </lines>
            </method>
            <method name="set_TitleId" signature="(...)" line-rate="1" branch-rate="1" complexity="1">
              <lines>
                <line number="12" hits="1" branch="false" />
              </lines>
            </method>
            <method name="get_AuthorId" signature="()" line-rate="1" branch-rate="1" complexity="1">
              <lines>
                <line number="15" hits="1" branch="false" />
              </lines>
            </method>
            <method name="set_AuthorId" signature="(...)" line-rate="1" branch-rate="1" complexity="1">
              <lines>
                <line number="15" hits="1" branch="false" />
              </lines>
            </method>
          </methods>
          <lines>
            <line number="7" hits="1" branch="false" />
            <line number="9" hits="1" branch="false" />
            <line number="12" hits="1" branch="false" />
            <line number="15" hits="1" branch="false" />
          </lines>
        </class>
        <class name="LibrarySystem.Models.User" filename="D:\LibrarySystem-DiplomenProekt\LibrarySystem\LibrarySystem.Models\User.cs" line-rate="0" branch-rate="1" complexity="14">
          <methods>
            <method name="get_Id" signature="()" line-rate="0" branch-rate="1" complexity="1">
              <lines>
                <line number="11" hits="0" branch="false" />
              </lines>
            </method>
            <method name="set_Id" signature="(...)" line-rate="0" branch-rate="1" complexity="1">
              <lines>
                <line number="11" hits="0" branch="false" />
              </lines>
            </method>
            <method name="get_FirstName" signature="()" line-rate="0" branch-rate="1" complexity="1">
              <lines>
                <line number="14" hits="0" branch="false" />
              </lines>
            </method>
            <method name="set_FirstName" signature="(...)" line-rate="0" branch-rate="1" complexity="1">
              <lines>
                <line number="14" hits="0" branch="false" />
              </lines>
            </method>
            <method name="get_MiddleName" signature="()" line-rate="0" branch-rate="1" complexity="1">
              <lines>
                <line number="17" hits="0" branch="false" />
              </lines>
            </method>
            <method name="set_MiddleName" signature="(...)" line-rate="0" branch-rate="1" complexity="1">
              <lines>
                <line number="17" hits="0" branch="false" />
              </lines>
            </method>
            <method name="get_LastName" signature="()" line-rate="0" branch-rate="1" complexity="1">
              <lines>
                <line number="20" hits="0" branch="false" />
              </lines>
            </method>
            <method name="set_LastName" signature="(...)" line-rate="0" branch-rate="1" complexity="1">
              <lines>
                <line number="20" hits="0" branch="false" />
              </lines>
            </method>
            <method name="get_MovementsOfLibraryUnits" signature="()" line-rate="0" branch-rate="1" complexity="1">
              <lines>
                <line number="22" hits="0" branch="false" />
              </lines>
            </method>
            <method name="set_MovementsOfLibraryUnits" signature="(...)" line-rate="0" branch-rate="1" complexity="1">
              <lines>
                <line number="22" hits="0" branch="false" />
              </lines>
            </method>
            <method name="get_IdentityUser" signature="()" line-rate="0" branch-rate="1" complexity="1">
              <lines>
                <line number="24" hits="0" branch="false" />
              </lines>
            </method>
            <method name="set_IdentityUser" signature="(...)" line-rate="0" branch-rate="1" complexity="1">
              <lines>
                <line number="24" hits="0" branch="false" />
              </lines>
            </method>
            <method name="get_IdentityUserId" signature="()" line-rate="0" branch-rate="1" complexity="1">
              <lines>
                <line number="26" hits="0" branch="false" />
              </lines>
            </method>
            <method name="set_IdentityUserId" signature="(...)" line-rate="0" branch-rate="1" complexity="1">
              <lines>
                <line number="26" hits="0" branch="false" />
              </lines>
            </method>
          </methods>
          <lines>
            <line number="11" hits="0" branch="false" />
            <line number="14" hits="0" branch="false" />
            <line number="17" hits="0" branch="false" />
            <line number="20" hits="0" branch="false" />
            <line number="22" hits="0" branch="false" />
            <line number="24" hits="0" branch="false" />
            <line number="26" hits="0" branch="false" />
          </lines>
        </class>
        <class name="MovementOfLibraryUnit" filename="D:\LibrarySystem-DiplomenProekt\LibrarySystem\LibrarySystem.Models\MovementOfLibraryUnit.cs" line-rate="0" branch-rate="1" complexity="22">
          <methods>
            <method name="get_Id" signature="()" line-rate="0" branch-rate="1" complexity="1">
              <lines>
                <line number="5" hits="0" branch="false" />
              </lines>
            </method>
            <method name="set_Id" signature="(...)" line-rate="0" branch-rate="1" complexity="1">
              <lines>
                <line number="5" hits="0" branch="false" />
              </lines>
            </method>
            <method name="get_DateTime" signature="()" line-rate="0" branch-rate="1" complexity="1">
              <lines>
                <line number="7" hits="0" branch="false" />
              </lines>
            </method>
            <method name="set_DateTime" signature="(...)" line-rate="0" branch-rate="1" complexity="1">
              <lines>
                <line number="7" hits="0" branch="false" />
              </lines>
            </method>
            <method name="get_Deadline" signature="()" line-rate="0" branch-rate="1" complexity="1">
              <lines>
                <line number="9" hits="0" branch="false" />
              </lines>
            </method>
            <method name="set_Deadline" signature="(...)" line-rate="0" branch-rate="1" complexity="1">
              <lines>
                <line number="9" hits="0" branch="false" />
              </lines>
            </method>
            <method name="get_Type" signature="()" line-rate="0" branch-rate="1" complexity="1">
              <lines>
                <line number="11" hits="0" branch="false" />
              </lines>
            </method>
            <method name="set_Type" signature="(...)" line-rate="0" branch-rate="1" complexity="1">
              <lines>
                <line number="11" hits="0" branch="false" />
              </lines>
            </method>
            <method name="get_LibraryUnitId" signature="()" line-rate="0" branch-rate="1" complexity="1">
              <lines>
                <line number="13" hits="0" branch="false" />
              </lines>
            </method>
            <method name="set_LibraryUnitId" signature="(...)" line-rate="0" branch-rate="1" complexity="1">
              <lines>
                <line number="13" hits="0" branch="false" />
              </lines>
            </method>
            <method name="get_LibraryUnit" signature="()" line-rate="0" branch-rate="1" complexity="1">
              <lines>
                <line number="14" hits="0" branch="false" />
              </lines>
            </method>
            <method name="set_LibraryUnit" signature="(...)" line-rate="0" branch-rate="1" complexity="1">
              <lines>
                <line number="14" hits="0" branch="false" />
              </lines>
            </method>
            <method name="get_ReaderId" signature="()" line-rate="0" branch-rate="1" complexity="1">
              <lines>
                <line number="16" hits="0" branch="false" />
              </lines>
            </method>
            <method name="set_ReaderId" signature="(...)" line-rate="0" branch-rate="1" complexity="1">
              <lines>
                <line number="16" hits="0" branch="false" />
              </lines>
            </method>
            <method name="get_Reader" signature="()" line-rate="0" branch-rate="1" complexity="1">
              <lines>
                <line number="17" hits="0" branch="false" />
              </lines>
            </method>
            <method name="set_Reader" signature="(...)" line-rate="0" branch-rate="1" complexity="1">
              <lines>
                <line number="17" hits="0" branch="false" />
              </lines>
            </method>
            <method name="get_LibrarianId" signature="()" line-rate="0" branch-rate="1" complexity="1">
              <lines>
                <line number="19" hits="0" branch="false" />
              </lines>
            </method>
            <method name="set_LibrarianId" signature="(...)" line-rate="0" branch-rate="1" complexity="1">
              <lines>
                <line number="19" hits="0" branch="false" />
              </lines>
            </method>
            <method name="get_Librarian" signature="()" line-rate="0" branch-rate="1" complexity="1">
              <lines>
                <line number="20" hits="0" branch="false" />
              </lines>
            </method>
            <method name="set_Librarian" signature="(...)" line-rate="0" branch-rate="1" complexity="1">
              <lines>
                <line number="20" hits="0" branch="false" />
              </lines>
            </method>
            <method name="get_Condition" signature="()" line-rate="0" branch-rate="1" complexity="1">
              <lines>
                <line number="22" hits="0" branch="false" />
              </lines>
            </method>
            <method name="set_Condition" signature="(...)" line-rate="0" branch-rate="1" complexity="1">
              <lines>
                <line number="22" hits="0" branch="false" />
              </lines>
            </method>
          </methods>
          <lines>
            <line number="5" hits="0" branch="false" />
            <line number="7" hits="0" branch="false" />
            <line number="9" hits="0" branch="false" />
            <line number="11" hits="0" branch="false" />
            <line number="13" hits="0" branch="false" />
            <line number="14" hits="0" branch="false" />
            <line number="16" hits="0" branch="false" />
            <line number="17" hits="0" branch="false" />
            <line number="19" hits="0" branch="false" />
            <line number="20" hits="0" branch="false" />
            <line number="22" hits="0" branch="false" />
          </lines>
        </class>
      </classes>
    </package>
    <package name="LibrarySystem.Services" line-rate="0.950819672131147" branch-rate="1" complexity="43">
      <classes>
        <class name="LibrarySystem.Services.AuthorService" filename="D:\LibrarySystem-DiplomenProekt\LibrarySystem\LibrarySystem.Services\AuthorService.cs" line-rate="0.903225806451613" branch-rate="1" complexity="10">
          <methods>
            <method name=".ctor" signature="(...)" line-rate="1" branch-rate="1" complexity="1">
              <lines>
                <line number="12" hits="1" branch="false" />
                <line number="13" hits="1" branch="false" />
                <line number="14" hits="1" branch="false" />
                <line number="15" hits="1" branch="false" />
              </lines>
            </method>
            <method name="GetWhere" signature="(...)" line-rate="1" branch-rate="1" complexity="1">
              <lines>
                <line number="51" hits="1" branch="false" />
                <line number="52" hits="1" branch="false" />
                <line number="53" hits="1" branch="false" />
              </lines>
            </method>
            <method name="MoveNext" signature="()" line-rate="1" branch-rate="1" complexity="1">
              <lines>
                <line number="17" hits="1" branch="false" />
                <line number="18" hits="1" branch="false" />
                <line number="19" hits="1" branch="false" />
              </lines>
            </method>
            <method name="MoveNext" signature="()" line-rate="1" branch-rate="1" complexity="1">
              <lines>
                <line number="22" hits="1" branch="false" />
                <line number="23" hits="1" branch="false" />
                <line number="24" hits="1" branch="false" />
              </lines>
            </method>
            <method name="MoveNext" signature="()" line-rate="1" branch-rate="1" complexity="1">
              <lines>
                <line number="27" hits="1" branch="false" />
                <line number="28" hits="1" branch="false" />
                <line number="29" hits="1" branch="false" />
              </lines>
            </method>
            <method name="MoveNext" signature="()" line-rate="1" branch-rate="1" complexity="2">
              <lines>
                <line number="32" hits="1" branch="false" />
                <line number="33" hits="1" branch="false" />
                <line number="34" hits="1" branch="false" />
                <line number="36" hits="1" branch="true" condition-coverage="100% (2/2)" />
                <line number="37" hits="1" branch="false" />
                <line number="38" hits="1" branch="false" />
              </lines>
            </method>
            <method name="MoveNext" signature="()" line-rate="0" branch-rate="1" complexity="1">
              <lines>
                <line number="41" hits="0" branch="false" />
                <line number="42" hits="0" branch="false" />
                <line number="43" hits="0" branch="false" />
              </lines>
            </method>
            <method name="MoveNext" signature="()" line-rate="1" branch-rate="1" complexity="1">
              <lines>
                <line number="46" hits="1" branch="false" />
                <line number="47" hits="1" branch="false" />
                <line number="48" hits="1" branch="false" />
              </lines>
            </method>
            <method name="MoveNext" signature="()" line-rate="1" branch-rate="1" complexity="1">
              <lines>
                <line number="56" hits="1" branch="false" />
                <line number="57" hits="1" branch="false" />
                <line number="58" hits="1" branch="false" />
              </lines>
            </method>
          </methods>
          <lines>
            <line number="12" hits="1" branch="false" />
            <line number="13" hits="1" branch="false" />
            <line number="14" hits="1" branch="false" />
            <line number="15" hits="1" branch="false" />
            <line number="17" hits="1" branch="false" />
            <line number="18" hits="1" branch="false" />
            <line number="19" hits="1" branch="false" />
            <line number="22" hits="1" branch="false" />
            <line number="23" hits="1" branch="false" />
            <line number="24" hits="1" branch="false" />
            <line number="27" hits="1" branch="false" />
            <line number="28" hits="1" branch="false" />
            <line number="29" hits="1" branch="false" />
            <line number="32" hits="1" branch="false" />
            <line number="33" hits="1" branch="false" />
            <line number="34" hits="1" branch="false" />
            <line number="36" hits="1" branch="true" condition-coverage="100% (2/2)" />
            <line number="37" hits="1" branch="false" />
            <line number="38" hits="1" branch="false" />
            <line number="41" hits="0" branch="false" />
            <line number="42" hits="0" branch="false" />
            <line number="43" hits="0" branch="false" />
            <line number="46" hits="1" branch="false" />
            <line number="47" hits="1" branch="false" />
            <line number="48" hits="1" branch="false" />
            <line number="51" hits="1" branch="false" />
            <line number="52" hits="1" branch="false" />
            <line number="53" hits="1" branch="false" />
            <line number="56" hits="1" branch="false" />
            <line number="57" hits="1" branch="false" />
            <line number="58" hits="1" branch="false" />
          </lines>
        </class>
        <class name="LibrarySystem.Services.SearchService" filename="D:\LibrarySystem-DiplomenProekt\LibrarySystem\LibrarySystem.Services\SearchService.cs" line-rate="1" branch-rate="1" complexity="15">
          <methods>
            <method name=".ctor" signature="(...)" line-rate="1" branch-rate="1" complexity="1">
              <lines>
                <line number="13" hits="1" branch="false" />
                <line number="14" hits="1" branch="false" />
                <line number="15" hits="1" branch="false" />
                <line number="16" hits="1" branch="false" />
              </lines>
            </method>
            <method name="MoveNext" signature="()" line-rate="1" branch-rate="1" complexity="12">
              <lines>
                <line number="86" hits="1" branch="false" />
                <line number="87" hits="1" branch="false" />
                <line number="88" hits="1" branch="false" />
                <line number="89" hits="1" branch="false" />
                <line number="90" hits="1" branch="false" />
                <line number="91" hits="1" branch="false" />
                <line number="93" hits="1" branch="true" condition-coverage="100% (2/2)" />
                <line number="94" hits="1" branch="false" />
                <line number="96" hits="1" branch="true" condition-coverage="100% (2/2)" />
                <line number="97" hits="1" branch="false" />
                <line number="99" hits="1" branch="true" condition-coverage="100% (2/2)" />
                <line number="100" hits="1" branch="false" />
                <line number="102" hits="1" branch="true" condition-coverage="100% (2/2)" />
                <line number="103" hits="1" branch="false" />
                <line number="105" hits="1" branch="true" condition-coverage="100% (2/2)" />
                <line number="106" hits="1" branch="false" />
                <line number="108" hits="1" branch="true" condition-coverage="100% (2/2)" />
                <line number="109" hits="1" branch="false" />
                <line number="111" hits="1" branch="false" />
                <line number="112" hits="1" branch="false" />
                <line number="113" hits="1" branch="false" />
                <line number="114" hits="1" branch="false" />
                <line number="115" hits="1" branch="false" />
                <line number="116" hits="1" branch="false" />
                <line number="117" hits="1" branch="false" />
                <line number="118" hits="1" branch="false" />
                <line number="119" hits="1" branch="false" />
                <line number="120" hits="1" branch="false" />
                <line number="121" hits="1" branch="false" />
                <line number="122" hits="1" branch="false" />
                <line number="123" hits="1" branch="false" />
                <line number="125" hits="1" branch="false" />
                <line number="126" hits="1" branch="false" />
              </lines>
            </method>
            <method name="MoveNext" signature="()" line-rate="1" branch-rate="1" complexity="1">
              <lines>
                <line number="51" hits="1" branch="false" />
                <line number="52" hits="1" branch="false" />
                <line number="54" hits="1" branch="false" />
                <line number="55" hits="1" branch="false" />
                <line number="56" hits="1" branch="false" />
                <line number="57" hits="1" branch="false" />
                <line number="58" hits="1" branch="false" />
                <line number="59" hits="1" branch="false" />
                <line number="60" hits="1" branch="false" />
                <line number="61" hits="1" branch="false" />
                <line number="62" hits="1" branch="false" />
                <line number="63" hits="1" branch="false" />
                <line number="64" hits="1" branch="false" />
                <line number="65" hits="1" branch="false" />
                <line number="66" hits="1" branch="false" />
                <line number="67" hits="1" branch="false" />
                <line number="68" hits="1" branch="false" />
                <line number="69" hits="1" branch="false" />
                <line number="70" hits="1" branch="false" />
                <line number="71" hits="1" branch="false" />
                <line number="72" hits="1" branch="false" />
                <line number="73" hits="1" branch="false" />
                <line number="74" hits="1" branch="false" />
                <line number="75" hits="1" branch="false" />
                <line number="76" hits="1" branch="false" />
                <line number="77" hits="1" branch="false" />
                <line number="78" hits="1" branch="false" />
                <line number="79" hits="1" branch="false" />
                <line number="80" hits="1" branch="false" />
                <line number="82" hits="1" branch="false" />
                <line number="83" hits="1" branch="false" />
              </lines>
            </method>
            <method name="MoveNext" signature="()" line-rate="1" branch-rate="1" complexity="1">
              <lines>
                <line number="19" hits="1" branch="false" />
                <line number="20" hits="1" branch="false" />
                <line number="22" hits="1" branch="false" />
                <line number="23" hits="1" branch="false" />
                <line number="24" hits="1" branch="false" />
                <line number="25" hits="1" branch="false" />
                <line number="26" hits="1" branch="false" />
                <line number="27" hits="1" branch="false" />
                <line number="28" hits="1" branch="false" />
                <line number="29" hits="1" branch="false" />
                <line number="30" hits="1" branch="false" />
                <line number="31" hits="1" branch="false" />
                <line number="32" hits="1" branch="false" />
                <line number="33" hits="1" branch="false" />
                <line number="34" hits="1" branch="false" />
                <line number="35" hits="1" branch="false" />
                <line number="36" hits="1" branch="false" />
                <line number="37" hits="1" branch="false" />
                <line number="38" hits="1" branch="false" />
                <line number="39" hits="1" branch="false" />
                <line number="40" hits="1" branch="false" />
                <line number="41" hits="1" branch="false" />
                <line number="42" hits="1" branch="false" />
                <line number="43" hits="1" branch="false" />
                <line number="44" hits="1" branch="false" />
                <line number="45" hits="1" branch="false" />
                <line number="47" hits="1" branch="false" />
                <line number="48" hits="1" branch="false" />
              </lines>
            </method>
          </methods>
          <lines>
            <line number="13" hits="1" branch="false" />
            <line number="14" hits="1" branch="false" />
            <line number="15" hits="1" branch="false" />
            <line number="16" hits="1" branch="false" />
            <line number="19" hits="1" branch="false" />
            <line number="20" hits="1" branch="false" />
            <line number="22" hits="1" branch="false" />
            <line number="23" hits="1" branch="false" />
            <line number="24" hits="1" branch="false" />
            <line number="25" hits="1" branch="false" />
            <line number="26" hits="1" branch="false" />
            <line number="27" hits="1" branch="false" />
            <line number="28" hits="1" branch="false" />
            <line number="29" hits="1" branch="false" />
            <line number="30" hits="1" branch="false" />
            <line number="31" hits="1" branch="false" />
            <line number="32" hits="1" branch="false" />
            <line number="33" hits="1" branch="false" />
            <line number="34" hits="1" branch="false" />
            <line number="35" hits="1" branch="false" />
            <line number="36" hits="1" branch="false" />
            <line number="37" hits="1" branch="false" />
            <line number="38" hits="1" branch="false" />
            <line number="39" hits="1" branch="false" />
            <line number="40" hits="1" branch="false" />
            <line number="41" hits="1" branch="false" />
            <line number="42" hits="1" branch="false" />
            <line number="43" hits="1" branch="false" />
            <line number="44" hits="1" branch="false" />
            <line number="45" hits="1" branch="false" />
            <line number="47" hits="1" branch="false" />
            <line number="48" hits="1" branch="false" />
            <line number="51" hits="1" branch="false" />
            <line number="52" hits="1" branch="false" />
            <line number="54" hits="1" branch="false" />
            <line number="55" hits="1" branch="false" />
            <line number="56" hits="1" branch="false" />
            <line number="57" hits="1" branch="false" />
            <line number="58" hits="1" branch="false" />
            <line number="59" hits="1" branch="false" />
            <line number="60" hits="1" branch="false" />
            <line number="61" hits="1" branch="false" />
            <line number="62" hits="1" branch="false" />
            <line number="63" hits="1" branch="false" />
            <line number="64" hits="1" branch="false" />
            <line number="65" hits="1" branch="false" />
            <line number="66" hits="1" branch="false" />
            <line number="67" hits="1" branch="false" />
            <line number="68" hits="1" branch="false" />
            <line number="69" hits="1" branch="false" />
            <line number="70" hits="1" branch="false" />
            <line number="71" hits="1" branch="false" />
            <line number="72" hits="1" branch="false" />
            <line number="73" hits="1" branch="false" />
            <line number="74" hits="1" branch="false" />
            <line number="75" hits="1" branch="false" />
            <line number="76" hits="1" branch="false" />
            <line number="77" hits="1" branch="false" />
            <line number="78" hits="1" branch="false" />
            <line number="79" hits="1" branch="false" />
            <line number="80" hits="1" branch="false" />
            <line number="82" hits="1" branch="false" />
            <line number="83" hits="1" branch="false" />
            <line number="86" hits="1" branch="false" />
            <line number="87" hits="1" branch="false" />
            <line number="88" hits="1" branch="false" />
            <line number="89" hits="1" branch="false" />
            <line number="90" hits="1" branch="false" />
            <line number="91" hits="1" branch="false" />
            <line number="93" hits="1" branch="true" condition-coverage="100% (2/2)" />
            <line number="94" hits="1" branch="false" />
            <line number="96" hits="1" branch="true" condition-coverage="100% (2/2)" />
            <line number="97" hits="1" branch="false" />
            <line number="99" hits="1" branch="true" condition-coverage="100% (2/2)" />
            <line number="100" hits="1" branch="false" />
            <line number="102" hits="1" branch="true" condition-coverage="100% (2/2)" />
            <line number="103" hits="1" branch="false" />
            <line number="105" hits="1" branch="true" condition-coverage="100% (2/2)" />
            <line number="106" hits="1" branch="false" />
            <line number="108" hits="1" branch="true" condition-coverage="100% (2/2)" />
            <line number="109" hits="1" branch="false" />
            <line number="111" hits="1" branch="false" />
            <line number="112" hits="1" branch="false" />
            <line number="113" hits="1" branch="false" />
            <line number="114" hits="1" branch="false" />
            <line number="115" hits="1" branch="false" />
            <line number="116" hits="1" branch="false" />
            <line number="117" hits="1" branch="false" />
            <line number="118" hits="1" branch="false" />
            <line number="119" hits="1" branch="false" />
            <line number="120" hits="1" branch="false" />
            <line number="121" hits="1" branch="false" />
            <line number="122" hits="1" branch="false" />
            <line number="123" hits="1" branch="false" />
            <line number="125" hits="1" branch="false" />
            <line number="126" hits="1" branch="false" />
          </lines>
        </class>
        <class name="LibrarySystem.Services.SectionService" filename="D:\LibrarySystem-DiplomenProekt\LibrarySystem\LibrarySystem.Services\SectionService.cs" line-rate="0.806451612903226" branch-rate="1" complexity="10">
          <methods>
            <method name=".ctor" signature="(...)" line-rate="1" branch-rate="1" complexity="1">
              <lines>
                <line number="17" hits="1" branch="false" />
                <line number="18" hits="1" branch="false" />
                <line number="19" hits="1" branch="false" />
                <line number="20" hits="1" branch="false" />
              </lines>
            </method>
            <method name="GetWhere" signature="(...)" line-rate="0" branch-rate="1" complexity="1">
              <lines>
                <line number="61" hits="0" branch="false" />
                <line number="62" hits="0" branch="false" />
                <line number="63" hits="0" branch="false" />
              </lines>
            </method>
            <method name="MoveNext" signature="()" line-rate="1" branch-rate="1" complexity="1">
              <lines>
                <line number="33" hits="1" branch="false" />
                <line number="34" hits="1" branch="false" />
                <line number="35" hits="1" branch="false" />
              </lines>
            </method>
            <method name="MoveNext" signature="()" line-rate="1" branch-rate="1" complexity="1">
              <lines>
                <line number="43" hits="1" branch="false" />
                <line number="44" hits="1" branch="false" />
                <line number="45" hits="1" branch="false" />
              </lines>
            </method>
            <method name="MoveNext" signature="()" line-rate="0" branch-rate="1" complexity="1">
              <lines>
                <line number="48" hits="0" branch="false" />
                <line number="49" hits="0" branch="false" />
                <line number="50" hits="0" branch="false" />
              </lines>
            </method>
            <method name="MoveNext" signature="()" line-rate="1" branch-rate="1" complexity="2">
              <lines>
                <line number="53" hits="1" branch="false" />
                <line number="54" hits="1" branch="false" />
                <line number="55" hits="1" branch="false" />
                <line number="56" hits="1" branch="true" condition-coverage="100% (2/2)" />
                <line number="57" hits="1" branch="false" />
                <line number="58" hits="1" branch="false" />
              </lines>
            </method>
            <method name="MoveNext" signature="()" line-rate="1" branch-rate="1" complexity="1">
              <lines>
                <line number="23" hits="1" branch="false" />
                <line number="24" hits="1" branch="false" />
                <line number="25" hits="1" branch="false" />
              </lines>
            </method>
            <method name="MoveNext" signature="()" line-rate="1" branch-rate="1" complexity="1">
              <lines>
                <line number="28" hits="1" branch="false" />
                <line number="29" hits="1" branch="false" />
                <line number="30" hits="1" branch="false" />
              </lines>
            </method>
            <method name="MoveNext" signature="()" line-rate="1" branch-rate="1" complexity="1">
              <lines>
                <line number="38" hits="1" branch="false" />
                <line number="39" hits="1" branch="false" />
                <line number="40" hits="1" branch="false" />
              </lines>
            </method>
          </methods>
          <lines>
            <line number="17" hits="1" branch="false" />
            <line number="18" hits="1" branch="false" />
            <line number="19" hits="1" branch="false" />
            <line number="20" hits="1" branch="false" />
            <line number="23" hits="1" branch="false" />
            <line number="24" hits="1" branch="false" />
            <line number="25" hits="1" branch="false" />
            <line number="28" hits="1" branch="false" />
            <line number="29" hits="1" branch="false" />
            <line number="30" hits="1" branch="false" />
            <line number="33" hits="1" branch="false" />
            <line number="34" hits="1" branch="false" />
            <line number="35" hits="1" branch="false" />
            <line number="38" hits="1" branch="false" />
            <line number="39" hits="1" branch="false" />
            <line number="40" hits="1" branch="false" />
            <line number="43" hits="1" branch="false" />
            <line number="44" hits="1" branch="false" />
            <line number="45" hits="1" branch="false" />
            <line number="48" hits="0" branch="false" />
            <line number="49" hits="0" branch="false" />
            <line number="50" hits="0" branch="false" />
            <line number="53" hits="1" branch="false" />
            <line number="54" hits="1" branch="false" />
            <line number="55" hits="1" branch="false" />
            <line number="56" hits="1" branch="true" condition-coverage="100% (2/2)" />
            <line number="57" hits="1" branch="false" />
            <line number="58" hits="1" branch="false" />
            <line number="61" hits="0" branch="false" />
            <line number="62" hits="0" branch="false" />
            <line number="63" hits="0" branch="false" />
          </lines>
        </class>
        <class name="LibrarySystem.Services.Service.&lt;AddAsync&gt;d__4&lt;T&gt;" filename="D:\LibrarySystem-DiplomenProekt\LibrarySystem\LibrarySystem.Services\Service.cs" line-rate="1" branch-rate="1" complexity="1">
          <methods>
            <method name="MoveNext" signature="()" line-rate="1" branch-rate="1" complexity="1">
              <lines>
                <line number="32" hits="1" branch="false" />
                <line number="33" hits="1" branch="false" />
                <line number="34" hits="1" branch="false" />
              </lines>
            </method>
          </methods>
          <lines>
            <line number="32" hits="1" branch="false" />
            <line number="33" hits="1" branch="false" />
            <line number="34" hits="1" branch="false" />
          </lines>
        </class>
        <class name="LibrarySystem.Services.Service.&lt;DeleteAsync&gt;d__6&lt;T&gt;" filename="D:\LibrarySystem-DiplomenProekt\LibrarySystem\LibrarySystem.Services\Service.cs" line-rate="1" branch-rate="1" complexity="1">
          <methods>
            <method name="MoveNext" signature="()" line-rate="1" branch-rate="1" complexity="1">
              <lines>
                <line number="42" hits="1" branch="false" />
                <line number="43" hits="1" branch="false" />
                <line number="44" hits="1" branch="false" />
              </lines>
            </method>
          </methods>
          <lines>
            <line number="42" hits="1" branch="false" />
            <line number="43" hits="1" branch="false" />
            <line number="44" hits="1" branch="false" />
          </lines>
        </class>
        <class name="LibrarySystem.Services.Service.&lt;DeleteWhere&gt;d__7&lt;T&gt;" filename="D:\LibrarySystem-DiplomenProekt\LibrarySystem\LibrarySystem.Services\Service.cs" line-rate="1" branch-rate="1" complexity="1">
          <methods>
            <method name="MoveNext" signature="()" line-rate="1" branch-rate="1" complexity="1">
              <lines>
                <line number="47" hits="1" branch="false" />
                <line number="48" hits="1" branch="false" />
                <line number="49" hits="1" branch="false" />
              </lines>
            </method>
          </methods>
          <lines>
            <line number="47" hits="1" branch="false" />
            <line number="48" hits="1" branch="false" />
            <line number="49" hits="1" branch="false" />
          </lines>
        </class>
        <class name="LibrarySystem.Services.Service.&lt;GetAllAsync&gt;d__2&lt;T&gt;" filename="D:\LibrarySystem-DiplomenProekt\LibrarySystem\LibrarySystem.Services\Service.cs" line-rate="1" branch-rate="1" complexity="1">
          <methods>
            <method name="MoveNext" signature="()" line-rate="1" branch-rate="1" complexity="1">
              <lines>
                <line number="22" hits="1" branch="false" />
                <line number="23" hits="1" branch="false" />
                <line number="24" hits="1" branch="false" />
              </lines>
            </method>
          </methods>
          <lines>
            <line number="22" hits="1" branch="false" />
            <line number="23" hits="1" branch="false" />
            <line number="24" hits="1" branch="false" />
          </lines>
        </class>
        <class name="LibrarySystem.Services.Service.&lt;GetByIdAsync&gt;d__3&lt;T&gt;" filename="D:\LibrarySystem-DiplomenProekt\LibrarySystem\LibrarySystem.Services\Service.cs" line-rate="1" branch-rate="1" complexity="1">
          <methods>
            <method name="MoveNext" signature="()" line-rate="1" branch-rate="1" complexity="1">
              <lines>
                <line number="27" hits="1" branch="false" />
                <line number="28" hits="1" branch="false" />
                <line number="29" hits="1" branch="false" />
              </lines>
            </method>
          </methods>
          <lines>
            <line number="27" hits="1" branch="false" />
            <line number="28" hits="1" branch="false" />
            <line number="29" hits="1" branch="false" />
          </lines>
        </class>
        <class name="LibrarySystem.Services.Service.&lt;UpdateAsync&gt;d__5&lt;T&gt;" filename="D:\LibrarySystem-DiplomenProekt\LibrarySystem\LibrarySystem.Services\Service.cs" line-rate="1" branch-rate="1" complexity="1">
          <methods>
            <method name="MoveNext" signature="()" line-rate="1" branch-rate="1" complexity="1">
              <lines>
                <line number="37" hits="1" branch="false" />
                <line number="38" hits="1" branch="false" />
                <line number="39" hits="1" branch="false" />
              </lines>
            </method>
          </methods>
          <lines>
            <line number="37" hits="1" branch="false" />
            <line number="38" hits="1" branch="false" />
            <line number="39" hits="1" branch="false" />
          </lines>
        </class>
        <class name="LibrarySystem.Services.Service&lt;T&gt;" filename="D:\LibrarySystem-DiplomenProekt\LibrarySystem\LibrarySystem.Services\Service.cs" line-rate="1" branch-rate="1" complexity="2">
          <methods>
            <method name=".ctor" signature="(...)" line-rate="1" branch-rate="1" complexity="1">
              <lines>
                <line number="16" hits="1" branch="false" />
                <line number="17" hits="1" branch="false" />
                <line number="18" hits="1" branch="false" />
                <line number="19" hits="1" branch="false" />
              </lines>
            </method>
            <method name="GetWhere" signature="(...)" line-rate="1" branch-rate="1" complexity="1">
              <lines>
                <line number="52" hits="1" branch="false" />
                <line number="53" hits="1" branch="false" />
                <line number="54" hits="1" branch="false" />
              </lines>
[...]
          <methods>
            <method name=".ctor" signature="(...)" line-rate="1" branch-rate="1" complexity="1">
              <lines />
            </method>
            <method name=".ctor" signature="(...)" line-rate="1" branch-rate="1" complexity="1">
              <lines />
            </method>
            <method name=".ctor" signature="(...)" line-rate="1" branch-rate="1" complexity="1">
              <lines />
            </method>
          </methods>
          <lines />
        </class>
        <class name="ServiceStack.ValidateGreaterThanAttribute" filename="/home/runner/work/ServiceStack/ServiceStack/ServiceStack/src/ServiceStack.Interfaces/ValidateAttribute.cs" line-rate="1" branch-rate="1" complexity="1">
          <methods>
            <method name=".ctor" signature="(...)" line-rate="1" branch-rate="1" complexity="1">
              <lines />
            </method>
          </methods>
          <lines />
        </class>
        <class name="ServiceStack.ValidateGreaterThanOrEqualAttribute" filename="/home/runner/work/ServiceStack/ServiceStack/ServiceStack/src/ServiceStack.Interfaces/ValidateAttribute.cs" line-rate="1" branch-rate="1" complexity="1">
          <methods>
            <method name=".ctor" signature="(...)" line-rate="1" branch-rate="1" complexity="1">
              <lines />
            </method>
          </methods>
          <lines />
        </class>
        <class name="ServiceStack.ValidateHasClaimAttribute" filename="/home/runner/work/ServiceStack/ServiceStack/ServiceStack/src/ServiceStack.Interfaces/ValidateAttribute.cs" line-rate="1" branch-rate="1" complexity="3">
          <methods>
            <method name=".ctor" signature="(...)" line-rate="1" branch-rate="1" complexity="1">
              <lines />
            </method>
            <method name="get_Type" signature="()" line-rate="1" branch-rate="1" complexity="1">
              <lines />
            </method>
            <method name="get_Value" signature="()" line-rate="1" branch-rate="1" complexity="1">
              <lines />
            </method>
          </methods>
          <lines />
        </class>
        <class name="ServiceStack.ValidateHasPermissionAttribute" filename="/home/runner/work/ServiceStack/ServiceStack/ServiceStack/src/ServiceStack.Interfaces/ValidateAttribute.cs" line-rate="1" branch-rate="1" complexity="2">
          <methods>
            <method name=".ctor" signature="(...)" line-rate="1" branch-rate="1" complexity="1">
              <lines />
            </method>
            <method name="get_Permission" signature="()" line-rate="1" branch-rate="1" complexity="1">
              <lines />
            </method>
          </methods>
          <lines />
        </class>
        <class name="ServiceStack.ValidateHasRoleAttribute" filename="/home/runner/work/ServiceStack/ServiceStack/ServiceStack/src/ServiceStack.Interfaces/ValidateAttribute.cs" line-rate="1" branch-rate="1" complexity="2">
          <methods>
            <method name=".ctor" signature="(...)" line-rate="1" branch-rate="1" complexity="1">
              <lines />
            </method>
            <method name="get_Role" signature="()" line-rate="1" branch-rate="1" complexity="1">
              <lines />
            </method>
          </methods>
          <lines />
        </class>
        <class name="ServiceStack.ValidateHasScopeAttribute" filename="/home/runner/work/ServiceStack/ServiceStack/ServiceStack/src/ServiceStack.Interfaces/ValidateAttribute.cs" line-rate="1" branch-rate="1" complexity="2">
          <methods>
            <method name=".ctor" signature="(...)" line-rate="1" branch-rate="1" complexity="1">
              <lines />
            </method>
            <method name="get_Scope" signature="()" line-rate="1" branch-rate="1" complexity="1">
              <lines />
            </method>
          </methods>
          <lines />
        </class>
        <class name="ServiceStack.ValidateInclusiveBetweenAttribute" filename="/home/runner/work/ServiceStack/ServiceStack/ServiceStack/src/ServiceStack.Interfaces/ValidateAttribute.cs" line-rate="1" branch-rate="1" complexity="3">
          <methods>
            <method name=".ctor" signature="(...)" line-rate="1" branch-rate="1" complexity="1">
              <lines />
            </method>
            <method name=".ctor" signature="(...)" line-rate="1" branch-rate="1" complexity="1">
              <lines />
            </method>
            <method name=".ctor" signature="(...)" line-rate="1" branch-rate="1" complexity="1">
              <lines />
            </method>
          </methods>
          <lines />
        </class>
        <class name="ServiceStack.ValidateIsAdminAttribute" filename="/home/runner/work/ServiceStack/ServiceStack/ServiceStack/src/ServiceStack.Interfaces/ValidateAttribute.cs" line-rate="1" branch-rate="1" complexity="1">
          <methods>
            <method name=".ctor" signature="()" line-rate="1" branch-rate="1" complexity="1">
              <lines />
            </method>
          </methods>
          <lines />
        </class>
        <class name="ServiceStack.ValidateIsAuthenticatedAttribute" filename="/home/runner/work/ServiceStack/ServiceStack/ServiceStack/src/ServiceStack.Interfaces/ValidateAttribute.cs" line-rate="1" branch-rate="1" complexity="1">
          <methods>
            <method name=".ctor" signature="()" line-rate="1" branch-rate="1" complexity="1">
              <lines />
            </method>
          </methods>
          <lines />
        </class>
        <class name="ServiceStack.ValidateLengthAttribute" filename="/home/runner/work/ServiceStack/ServiceStack/ServiceStack/src/ServiceStack.Interfaces/ValidateAttribute.cs" line-rate="1" branch-rate="1" complexity="1">
          <methods>
            <method name=".ctor" signature="(...)" line-rate="1" branch-rate="1" complexity="1">
              <lines />
            </method>
          </methods>
          <lines />
        </class>
        <class name="ServiceStack.ValidateLessThanAttribute" filename="/home/runner/work/ServiceStack/ServiceStack/ServiceStack/src/ServiceStack.Interfaces/ValidateAttribute.cs" line-rate="1" branch-rate="1" complexity="1">
          <methods>
            <method name=".ctor" signature="(...)" line-rate="1" branch-rate="1" complexity="1">
              <lines />
            </method>
          </methods>
          <lines />
        </class>
        <class name="ServiceStack.ValidateLessThanOrEqualAttribute" filename="/home/runner/work/ServiceStack/ServiceStack/ServiceStack/src/ServiceStack.Interfaces/ValidateAttribute.cs" line-rate="1" branch-rate="1" complexity="1">
          <methods>
            <method name=".ctor" signature="(...)" line-rate="1" branch-rate="1" complexity="1">
              <lines />
            </method>
          </methods>
          <lines />
        </class>
        <class name="ServiceStack.ValidateMaximumLengthAttribute" filename="/home/runner/work/ServiceStack/ServiceStack/ServiceStack/src/ServiceStack.Interfaces/ValidateAttribute.cs" line-rate="1" branch-rate="1" complexity="1">
          <methods>
            <method name=".ctor" signature="(...)" line-rate="1" branch-rate="1" complexity="1">
              <lines />
            </method>
          </methods>
          <lines />
        </class>
        <class name="ServiceStack.ValidateMinimumLengthAttribute" filename="/home/runner/work/ServiceStack/ServiceStack/ServiceStack/src/ServiceStack.Interfaces/ValidateAttribute.cs" line-rate="1" branch-rate="1" complexity="1">
          <methods>
            <method name=".ctor" signature="(...)" line-rate="1" branch-rate="1" complexity="1">
              <lines />
            </method>
          </methods>
          <lines />
        </class>
        <class name="ServiceStack.ValidateNotEmptyAttribute" filename="/home/runner/work/ServiceStack/ServiceStack/ServiceStack/src/ServiceStack.Interfaces/ValidateAttribute.cs" line-rate="1" branch-rate="1" complexity="1">
          <methods>
            <method name=".ctor" signature="()" line-rate="1" branch-rate="1" complexity="1">
              <lines />
            </method>
          </methods>
          <lines />
        </class>
        <class name="ServiceStack.ValidateNotEqualAttribute" filename="/home/runner/work/ServiceStack/ServiceStack/ServiceStack/src/ServiceStack.Interfaces/ValidateAttribute.cs" line-rate="1" branch-rate="1" complexity="3">
          <methods>
            <method name=".ctor" signature="(...)" line-rate="1" branch-rate="1" complexity="1">
              <lines />
            </method>
            <method name=".ctor" signature="(...)" line-rate="1" branch-rate="1" complexity="1">
              <lines />
            </method>
            <method name=".ctor" signature="(...)" line-rate="1" branch-rate="1" complexity="1">
              <lines />
            </method>
          </methods>
          <lines />
        </class>
        <class name="ServiceStack.ValidateNotNullAttribute" filename="/home/runner/work/ServiceStack/ServiceStack/ServiceStack/src/ServiceStack.Interfaces/ValidateAttribute.cs" line-rate="1" branch-rate="1" complexity="1">
          <methods>
            <method name=".ctor" signature="()" line-rate="1" branch-rate="1" complexity="1">
              <lines />
            </method>
          </methods>
          <lines />
        </class>
        <class name="ServiceStack.ValidateNullAttribute" filename="/home/runner/work/ServiceStack/ServiceStack/ServiceStack/src/ServiceStack.Interfaces/ValidateAttribute.cs" line-rate="1" branch-rate="1" complexity="1">
          <methods>
            <method name=".ctor" signature="()" line-rate="1" branch-rate="1" complexity="1">
              <lines />
            </method>
          </methods>
          <lines />
        </class>
        <class name="ServiceStack.ValidateRegularExpressionAttribute" filename="/home/runner/work/ServiceStack/ServiceStack/ServiceStack/src/ServiceStack.Interfaces/ValidateAttribute.cs" line-rate="1" branch-rate="1" complexity="1">
          <methods>
            <method name=".ctor" signature="(...)" line-rate="1" branch-rate="1" complexity="1">
              <lines />
            </method>
          </methods>
          <lines />
        </class>
        <class name="ServiceStack.ValidateRequestAttribute" filename="/home/runner/work/ServiceStack/ServiceStack/ServiceStack/src/ServiceStack.Interfaces/ValidateAttribute.cs" line-rate="1" branch-rate="1" complexity="28">
          <methods>
            <method name=".ctor" signature="()" line-rate="1" branch-rate="1" complexity="1">
              <lines />
            </method>
            <method name=".ctor" signature="(...)" line-rate="1" branch-rate="1" complexity="1">
              <lines />
            </method>
            <method name="get_Validator" signature="()" line-rate="1" branch-rate="1" complexity="1">
              <lines />
            </method>
            <method name="set_Validator" signature="(...)" line-rate="1" branch-rate="1" complexity="1">
              <lines />
            </method>
            <method name="get_Condition" signature="()" line-rate="1" branch-rate="1" complexity="1">
              <lines />
            </method>
            <method name="set_Condition" signature="(...)" line-rate="1" branch-rate="1" complexity="1">
              <lines />
            </method>
            <method name="get_Conditions" signature="()" line-rate="1" branch-rate="1" complexity="1">
              <lines />
            </method>
            <method name="set_Conditions" signature="(...)" line-rate="1" branch-rate="1" complexity="1">
              <lines />
            </method>
            <method name="get_ErrorCode" signature="()" line-rate="1" branch-rate="1" complexity="1">
              <lines />
            </method>
            <method name="set_ErrorCode" signature="(...)" line-rate="1" branch-rate="1" complexity="1">
              <lines />
            </method>
            <method name="get_Message" signature="()" line-rate="1" branch-rate="1" complexity="1">
              <lines />
            </method>
            <method name="set_Message" signature="(...)" line-rate="1" branch-rate="1" complexity="1">
              <lines />
            </method>
            <method name="get_StatusCode" signature="()" line-rate="1" branch-rate="1" complexity="1">
              <lines />
            </method>
            <method name="set_StatusCode" signature="(...)" line-rate="1" branch-rate="1" complexity="1">
              <lines />
            </method>
            <method name="get_AllConditions" signature="()" line-rate="1" branch-rate="1" complexity="1">
              <lines />
            </method>
            <method name="set_AllConditions" signature="(...)" line-rate="1" branch-rate="1" complexity="1">
              <lines />
            </method>
            <method name="get_AnyConditions" signature="()" line-rate="1" branch-rate="1" complexity="1">
              <lines />
            </method>
            <method name="set_AnyConditions" signature="(...)" line-rate="1" branch-rate="1" complexity="1">
              <lines />
            </method>
            <method name="ToReflectAttribute" signature="()" line-rate="1" branch-rate="1" complexity="10">
              <lines />
            </method>
          </methods>
          <lines />
        </class>
        <class name="ServiceStack.ValidateRule" filename="/home/runner/work/ServiceStack/ServiceStack/ServiceStack/src/ServiceStack.Interfaces/ValidationRule.cs" line-rate="1" branch-rate="1" complexity="8">
          <methods>
            <method name="get_Validator" signature="()" line-rate="1" branch-rate="1" complexity="1">
              <lines />
            </method>
            <method name="set_Validator" signature="(...)" line-rate="1" branch-rate="1" complexity="1">
              <lines />
            </method>
            <method name="get_Condition" signature="()" line-rate="1" branch-rate="1" complexity="1">
              <lines />
            </method>
            <method name="set_Condition" signature="(...)" line-rate="1" branch-rate="1" complexity="1">
              <lines />
            </method>
            <method name="get_ErrorCode" signature="()" line-rate="1" branch-rate="1" complexity="1">
              <lines />
            </method>
            <method name="set_ErrorCode" signature="(...)" line-rate="1" branch-rate="1" complexity="1">
              <lines />
            </method>
            <method name="get_Message" signature="()" line-rate="1" branch-rate="1" complexity="1">
              <lines />
            </method>
            <method name="set_Message" signature="(...)" line-rate="1" branch-rate="1" complexity="1">
              <lines />
            </method>
          </methods>
          <lines />
        </class>
        <class name="ServiceStack.ValidateScalePrecisionAttribute" filename="/home/runner/work/ServiceStack/ServiceStack/ServiceStack/src/ServiceStack.Interfaces/ValidateAttribute.cs" line-rate="1" branch-rate="1" complexity="1">
          <methods>
            <method name=".ctor" signature="(...)" line-rate="1" branch-rate="1" complexity="1">
              <lines />
            </method>
          </methods>
          <lines />
        </class>
        <class name="ServiceStack.ValidationRule" filename="/home/runner/work/ServiceStack/ServiceStack/ServiceStack/src/ServiceStack.Interfaces/ValidationRule.cs" line-rate="1" branch-rate="1" complexity="56">
          <methods>
            <method name="get_Id" signature="()" line-rate="1" branch-rate="1" complexity="1">
              <lines />
            </method>
            <method name="set_Id" signature="(...)" line-rate="1" branch-rate="1" complexity="1">
              <lines />
            </method>
            <method name="get_Type" signature="()" line-rate="1" branch-rate="1" complexity="1">
              <lines />
            </method>
            <method name="set_Type" signature="(...)" line-rate="1" branch-rate="1" complexity="1">
              <lines />
            </method>
            <method name="get_Field" signature="()" line-rate="1" branch-rate="1" complexity="1">
              <lines />
            </method>
            <method name="set_Field" signature="(...)" line-rate="1" branch-rate="1" complexity="1">
              <lines />
            </method>
            <method name="get_CreatedBy" signature="()" line-rate="1" branch-rate="1" complexity="1">
              <lines />
            </method>
            <method name="set_CreatedBy" signature="(...)" line-rate="1" branch-rate="1" complexity="1">
              <lines />
            </method>
            <method name="get_CreatedDate" signature="()" line-rate="1" branch-rate="1" complexity="1">
              <lines />
            </method>
            <method name="set_CreatedDate" signature="(...)" line-rate="1" branch-rate="1" complexity="1">
              <lines />
            </method>
            <method name="get_ModifiedBy" signature="()" line-rate="1" branch-rate="1" complexity="1">
              <lines />
            </method>
            <method name="set_ModifiedBy" signature="(...)" line-rate="1" branch-rate="1" complexity="1">
              <lines />
            </method>
            <method name="get_ModifiedDate" signature="()" line-rate="1" branch-rate="1" complexity="1">
              <lines />
            </method>
            <method name="set_ModifiedDate" signature="(...)" line-rate="1" branch-rate="1" complexity="1">
              <lines />
            </method>
            <method name="get_SuspendedBy" signature="()" line-rate="1" branch-rate="1" complexity="1">
              <lines />
            </method>
            <method name="set_SuspendedBy" signature="(...)" line-rate="1" branch-rate="1" complexity="1">
              <lines />
            </method>
            <method name="get_SuspendedDate" signature="()" line-rate="1" branch-rate="1" complexity="1">
              <lines />
            </method>
            <method name="set_SuspendedDate" signature="(...)" line-rate="1" branch-rate="1" complexity="1">
              <lines />
            </method>
            <method name="get_Notes" signature="()" line-rate="1" branch-rate="1" complexity="1">
              <lines />
            </method>
            <method name="set_Notes" signature="(...)" line-rate="1" branch-rate="1" complexity="1">
              <lines />
            </method>
            <method name="Equals" signature="(...)" line-rate="1" branch-rate="1" complexity="18">
              <lines />
            </method>
            <method name="Equals" signature="(...)" line-rate="1" branch-rate="1" complexity="6">
              <lines />
            </method>
            <method name="GetHashCode" signature="()" line-rate="1" branch-rate="1" complexity="12">
              <lines />
            </method>
          </methods>
          <lines />
        </class>
        <class name="ServiceStack.WorkerAttribute" filename="/home/runner/work/ServiceStack/ServiceStack/ServiceStack/src/ServiceStack.Interfaces/WorkerAttribute.cs" line-rate="1" branch-rate="1" complexity="3">
          <methods>
            <method name="get_Name" signature="()" line-rate="1" branch-rate="1" complexity="1">
              <lines />
            </method>
            <method name="set_Name" signature="(...)" line-rate="1" branch-rate="1" complexity="1">
              <lines />
            </method>
            <method name=".ctor" signature="(...)" line-rate="1" branch-rate="1" complexity="1">
              <lines />
            </method>
          </methods>
          <lines />
        </class>
      </classes>
    </package>
  </packages>
</coverage>